C:\Users\jesse\Downloads\3DS_OfflineDecTool_v1.0\3DS_OfflineDecTool_v1.0\Encrypted\0487 - Legend of Zelda, The - A Link Between Worlds (Europe) (En,Fr,De,Es,It).3ds
['ncchinfo_gen_all.py', 'C:\\Users\\jesse\\Downloads\\3DS_OfflineDecTool_v1.0\\3DS_OfflineDecTool_v1.0\\Scripts\\ncchinfo_gen.py', 'C:\\Users\\jesse\\Downloads\\3DS_OfflineDecTool_v1.0\\3DS_OfflineDecTool_v1.0\\Encrypted\\0487 - Legend of Zelda, The - A Link Between Worlds (Europe) (En,Fr,De,Es,It).3ds']

Parsing NCSD in file "0487 - Legend of Zelda, The - A Link Between Worlds (Europe) (En,Fr,De,Es,It).3ds":
  Parsing Main NCCH
    NCCH Offset: 00004000
    Product code: CTR-P-BZLP
    Partition number: 0
    KeyY: 37C5E9084AED4075F56AAEBE2CE55EBD
    Title ID: 00040000000EC400
    Format version: 2
    Standard crypto case

    ExHeader offset:  00000200
    ExHeader counter: 00040000000ec4000100000000000000
    ExHeader size:    2048 byte

    ExeFS offset:  00002C00
    ExeFS counter: 00040000000ec4000200000000000000
    ExeFS size:    6639104 byte

    RomFS offset:  00658000
    RomFS counter: 00040000000ec4000300000000000000
    RomFS size:    709246976 byte


  Parsing Manual NCCH
    NCCH Offset: 2AAC0000
    Product code: CTR-P-CTAP
    Partition number: 1
    KeyY: F058B40CC2FD72B1EEC2483E8BC7B139
    Title ID: 00050000000EC400
    Format version: 0
    Standard crypto case

    RomFS offset:  00001000
    RomFS counter: 00050000000ec4000300000000000000
    RomFS size:    1908736 byte


  Parsing UpdateData NCCH
    NCCH Offset: 2AC93000
    Product code: CTR-P-CTAP
    Partition number: 7
    KeyY: B60244245475152F514FD907D58ECB9C
    Title ID: 18220000000EC400
    Format version: 0
    Standard crypto case

    RomFS offset:  00001000
    RomFS counter: 18220000000ec4000300000000000000
    RomFS size:    30748672 byte



Entry: 01 - Creating -    1 /    1 mb - '00040000000EC400.Main.exheader.xorpad'
Entry: 02 - Creating -    0 /    7 mb - '00040000000EC400.Main.exefs_norm.xorpad'
Entry: 02 - Creating -    1 /    7 mb - '00040000000EC400.Main.exefs_norm.xorpad'
Entry: 02 - Creating -    2 /    7 mb - '00040000000EC400.Main.exefs_norm.xorpad'
Entry: 02 - Creating -    3 /    7 mb - '00040000000EC400.Main.exefs_norm.xorpad'
Entry: 02 - Creating -    4 /    7 mb - '00040000000EC400.Main.exefs_norm.xorpad'
Entry: 02 - Creating -    5 /    7 mb - '00040000000EC400.Main.exefs_norm.xorpad'
Entry: 02 - Creating -    7 /    7 mb - '00040000000EC400.Main.exefs_norm.xorpad'
Entry: 03 - Creating -    0 /  677 mb - '00040000000EC400.Main.romfs.xorpad'
Entry: 03 - Creating -    1 /  677 mb - '00040000000EC400.Main.romfs.xorpad'
Entry: 03 - Creating -    2 /  677 mb - '00040000000EC400.Main.romfs.xorpad'
Entry: 03 - Creating -    3 /  677 mb - '00040000000EC400.Main.romfs.xorpad'
Entry: 03 - Creating -    4 /  677 mb - '00040000000EC400.Main.romfs.xorpad'
Entry: 03 - Creating -    5 /  677 mb - '00040000000EC400.Main.romfs.xorpad'
Entry: 03 - Creating -    6 /  677 mb - '00040000000EC400.Main.romfs.xorpad'
Entry: 03 - Creating -    7 /  677 mb - '00040000000EC400.Main.romfs.xorpad'
Entry: 03 - Creating -    8 /  677 mb - '00040000000EC400.Main.romfs.xorpad'
Entry: 03 - Creating -    9 /  677 mb - '00040000000EC400.Main.romfs.xorpad'
Entry: 03 - Creating -   10 /  677 mb - '00040000000EC400.Main.romfs.xorpad'
Entry: 03 - Creating -   11 /  677 mb - '00040000000EC400.Main.romfs.xorpad'
Entry: 03 - Creating -   12 /  677 mb - '00040000000EC400.Main.romfs.xorpad'
Entry: 03 - Creating -   13 /  677 mb - '00040000000EC400.Main.romfs.xorpad'
Entry: 03 - Creating -   14 /  677 mb - '00040000000EC400.Main.romfs.xorpad'
Entry: 03 - Creating -   15 /  677 mb - '00040000000EC400.Main.romfs.xorpad'
Entry: 03 - Creating -   16 /  677 mb - '00040000000EC400.Main.romfs.xorpad'
Entry: 03 - Creating -   17 /  677 mb - '00040000000EC400.Main.romfs.xorpad'
Entry: 03 - Creating -   18 /  677 mb - '00040000000EC400.Main.romfs.xorpad'
Entry: 03 - Creating -   19 /  677 mb - '00040000000EC400.Main.romfs.xorpad'
Entry: 03 - Creating -   20 /  677 mb - '00040000000EC400.Main.romfs.xorpad'
Entry: 03 - Creating -   21 /  677 mb - '00040000000EC400.Main.romfs.xorpad'
Entry: 03 - Creating -   22 /  677 mb - '00040000000EC400.Main.romfs.xorpad'
Entry: 03 - Creating -   23 /  677 mb - '00040000000EC400.Main.romfs.xorpad'
Entry: 03 - Creating -   24 /  677 mb - '00040000000EC400.Main.romfs.xorpad'
Entry: 03 - Creating -   25 /  677 mb - '00040000000EC400.Main.romfs.xorpad'
Entry: 03 - Creating -   26 /  677 mb - '00040000000EC400.Main.romfs.xorpad'
Entry: 03 - Creating -   27 /  677 mb - '00040000000EC400.Main.romfs.xorpad'
Entry: 03 - Creating -   28 /  677 mb - '00040000000EC400.Main.romfs.xorpad'
Entry: 03 - Creating -   29 /  677 mb - '00040000000EC400.Main.romfs.xorpad'
Entry: 03 - Creating -   30 /  677 mb - '00040000000EC400.Main.romfs.xorpad'
Entry: 03 - Creating -   31 /  677 mb - '00040000000EC400.Main.romfs.xorpad'
Entry: 03 - Creating -   32 /  677 mb - '00040000000EC400.Main.romfs.xorpad'
Entry: 03 - Creating -   33 /  677 mb - '00040000000EC400.Main.romfs.xorpad'
Entry: 03 - Creating -   34 /  677 mb - '00040000000EC400.Main.romfs.xorpad'
Entry: 03 - Creating -   35 /  677 mb - '00040000000EC400.Main.romfs.xorpad'
Entry: 03 - Creating -   36 /  677 mb - '00040000000EC400.Main.romfs.xorpad'
Entry: 03 - Creating -   37 /  677 mb - '00040000000EC400.Main.romfs.xorpad'
Entry: 03 - Creating -   38 /  677 mb - '00040000000EC400.Main.romfs.xorpad'
Entry: 03 - Creating -   39 /  677 mb - '00040000000EC400.Main.romfs.xorpad'
Entry: 03 - Creating -   40 /  677 mb - '00040000000EC400.Main.romfs.xorpad'
Entry: 03 - Creating -   41 /  677 mb - '00040000000EC400.Main.romfs.xorpad'
Entry: 03 - Creating -   42 /  677 mb - '00040000000EC400.Main.romfs.xorpad'
Entry: 03 - Creating -   43 /  677 mb - '00040000000EC400.Main.romfs.xorpad'
Entry: 03 - Creating -   44 /  677 mb - '00040000000EC400.Main.romfs.xorpad'
Entry: 03 - Creating -   45 /  677 mb - '00040000000EC400.Main.romfs.xorpad'
Entry: 03 - Creating -   46 /  677 mb - '00040000000EC400.Main.romfs.xorpad'
Entry: 03 - Creating -   47 /  677 mb - '00040000000EC400.Main.romfs.xorpad'
Entry: 03 - Creating -   48 /  677 mb - '00040000000EC400.Main.romfs.xorpad'
Entry: 03 - Creating -   49 /  677 mb - '00040000000EC400.Main.romfs.xorpad'
Entry: 03 - Creating -   50 /  677 mb - '00040000000EC400.Main.romfs.xorpad'
Entry: 03 - Creating -   51 /  677 mb - '00040000000EC400.Main.romfs.xorpad'
Entry: 03 - Creating -   52 /  677 mb - '00040000000EC400.Main.romfs.xorpad'
Entry: 03 - Creating -   53 /  677 mb - '00040000000EC400.Main.romfs.xorpad'
Entry: 03 - Creating -   54 /  677 mb - '00040000000EC400.Main.romfs.xorpad'
Entry: 03 - Creating -   55 /  677 mb - '00040000000EC400.Main.romfs.xorpad'
Entry: 03 - Creating -   56 /  677 mb - '00040000000EC400.Main.romfs.xorpad'
Entry: 03 - Creating -   57 /  677 mb - '00040000000EC400.Main.romfs.xorpad'
Entry: 03 - Creating -   58 /  677 mb - '00040000000EC400.Main.romfs.xorpad'
Entry: 03 - Creating -   59 /  677 mb - '00040000000EC400.Main.romfs.xorpad'
Entry: 03 - Creating -   60 /  677 mb - '00040000000EC400.Main.romfs.xorpad'
Entry: 03 - Creating -   61 /  677 mb - '00040000000EC400.Main.romfs.xorpad'
Entry: 03 - Creating -   62 /  677 mb - '00040000000EC400.Main.romfs.xorpad'
Entry: 03 - Creating -   63 /  677 mb - '00040000000EC400.Main.romfs.xorpad'
Entry: 03 - Creating -   64 /  677 mb - '00040000000EC400.Main.romfs.xorpad'
Entry: 03 - Creating -   65 /  677 mb - '00040000000EC400.Main.romfs.xorpad'
Entry: 03 - Creating -   66 /  677 mb - '00040000000EC400.Main.romfs.xorpad'
Entry: 03 - Creating -   67 /  677 mb - '00040000000EC400.Main.romfs.xorpad'
Entry: 03 - Creating -   68 /  677 mb - '00040000000EC400.Main.romfs.xorpad'
Entry: 03 - Creating -   69 /  677 mb - '00040000000EC400.Main.romfs.xorpad'
Entry: 03 - Creating -   70 /  677 mb - '00040000000EC400.Main.romfs.xorpad'
Entry: 03 - Creating -   71 /  677 mb - '00040000000EC400.Main.romfs.xorpad'
Entry: 03 - Creating -   72 /  677 mb - '00040000000EC400.Main.romfs.xorpad'
Entry: 03 - Creating -   73 /  677 mb - '00040000000EC400.Main.romfs.xorpad'
Entry: 03 - Creating -   74 /  677 mb - '00040000000EC400.Main.romfs.xorpad'
Entry: 03 - Creating -   75 /  677 mb - '00040000000EC400.Main.romfs.xorpad'
Entry: 03 - Creating -   76 /  677 mb - '00040000000EC400.Main.romfs.xorpad'
Entry: 03 - Creating -   77 /  677 mb - '00040000000EC400.Main.romfs.xorpad'
Entry: 03 - Creating -   78 /  677 mb - '00040000000EC400.Main.romfs.xorpad'
Entry: 03 - Creating -   79 /  677 mb - '00040000000EC400.Main.romfs.xorpad'
Entry: 03 - Creating -   80 /  677 mb - '00040000000EC400.Main.romfs.xorpad'
Entry: 03 - Creating -   81 /  677 mb - '00040000000EC400.Main.romfs.xorpad'
Entry: 03 - Creating -   82 /  677 mb - '00040000000EC400.Main.romfs.xorpad'
Entry: 03 - Creating -   83 /  677 mb - '00040000000EC400.Main.romfs.xorpad'
Entry: 03 - Creating -   84 /  677 mb - '00040000000EC400.Main.romfs.xorpad'
Entry: 03 - Creating -   85 /  677 mb - '00040000000EC400.Main.romfs.xorpad'
Entry: 03 - Creating -   86 /  677 mb - '00040000000EC400.Main.romfs.xorpad'
Entry: 03 - Creating -   87 /  677 mb - '00040000000EC400.Main.romfs.xorpad'
Entry: 03 - Creating -   88 /  677 mb - '00040000000EC400.Main.romfs.xorpad'
Entry: 03 - Creating -   89 /  677 mb - '00040000000EC400.Main.romfs.xorpad'
Entry: 03 - Creating -   90 /  677 mb - '00040000000EC400.Main.romfs.xorpad'
Entry: 03 - Creating -   91 /  677 mb - '00040000000EC400.Main.romfs.xorpad'
Entry: 03 - Creating -   92 /  677 mb - '00040000000EC400.Main.romfs.xorpad'
Entry: 03 - Creating -   93 /  677 mb - '00040000000EC400.Main.romfs.xorpad'
Entry: 03 - Creating -   94 /  677 mb - '00040000000EC400.Main.romfs.xorpad'
Entry: 03 - Creating -   95 /  677 mb - '00040000000EC400.Main.romfs.xorpad'
Entry: 03 - Creating -   96 /  677 mb - '00040000000EC400.Main.romfs.xorpad'
Entry: 03 - Creating -   97 /  677 mb - '00040000000EC400.Main.romfs.xorpad'
Entry: 03 - Creating -   98 /  677 mb - '00040000000EC400.Main.romfs.xorpad'
Entry: 03 - Creating -   99 /  677 mb - '00040000000EC400.Main.romfs.xorpad'
Entry: 03 - Creating -  100 /  677 mb - '00040000000EC400.Main.romfs.xorpad'
Entry: 03 - Creating -  101 /  677 mb - '00040000000EC400.Main.romfs.xorpad'
Entry: 03 - Creating -  102 /  677 mb - '00040000000EC400.Main.romfs.xorpad'
Entry: 03 - Creating -  103 /  677 mb - '00040000000EC400.Main.romfs.xorpad'
Entry: 03 - Creating -  104 /  677 mb - '00040000000EC400.Main.romfs.xorpad'
Entry: 03 - Creating -  105 /  677 mb - '00040000000EC400.Main.romfs.xorpad'
Entry: 03 - Creating -  106 /  677 mb - '00040000000EC400.Main.romfs.xorpad'
Entry: 03 - Creating -  107 /  677 mb - '00040000000EC400.Main.romfs.xorpad'
Entry: 03 - Creating -  108 /  677 mb - '00040000000EC400.Main.romfs.xorpad'
Entry: 03 - Creating -  109 /  677 mb - '00040000000EC400.Main.romfs.xorpad'
Entry: 03 - Creating -  110 /  677 mb - '00040000000EC400.Main.romfs.xorpad'
Entry: 03 - Creating -  111 /  677 mb - '00040000000EC400.Main.romfs.xorpad'
Entry: 03 - Creating -  112 /  677 mb - '00040000000EC400.Main.romfs.xorpad'
Entry: 03 - Creating -  113 /  677 mb - '00040000000EC400.Main.romfs.xorpad'
Entry: 03 - Creating -  114 /  677 mb - '00040000000EC400.Main.romfs.xorpad'
Entry: 03 - Creating -  115 /  677 mb - '00040000000EC400.Main.romfs.xorpad'
Entry: 03 - Creating -  116 /  677 mb - '00040000000EC400.Main.romfs.xorpad'
Entry: 03 - Creating -  117 /  677 mb - '00040000000EC400.Main.romfs.xorpad'
Entry: 03 - Creating -  118 /  677 mb - '00040000000EC400.Main.romfs.xorpad'
Entry: 03 - Creating -  119 /  677 mb - '00040000000EC400.Main.romfs.xorpad'
Entry: 03 - Creating -  120 /  677 mb - '00040000000EC400.Main.romfs.xorpad'
Entry: 03 - Creating -  121 /  677 mb - '00040000000EC400.Main.romfs.xorpad'
Entry: 03 - Creating -  122 /  677 mb - '00040000000EC400.Main.romfs.xorpad'
Entry: 03 - Creating -  123 /  677 mb - '00040000000EC400.Main.romfs.xorpad'
Entry: 03 - Creating -  124 /  677 mb - '00040000000EC400.Main.romfs.xorpad'
Entry: 03 - Creating -  125 /  677 mb - '00040000000EC400.Main.romfs.xorpad'
Entry: 03 - Creating -  126 /  677 mb - '00040000000EC400.Main.romfs.xorpad'
Entry: 03 - Creating -  127 /  677 mb - '00040000000EC400.Main.romfs.xorpad'
Entry: 03 - Creating -  128 /  677 mb - '00040000000EC400.Main.romfs.xorpad'
Entry: 03 - Creating -  129 /  677 mb - '00040000000EC400.Main.romfs.xorpad'
Entry: 03 - Creating -  130 /  677 mb - '00040000000EC400.Main.romfs.xorpad'
Entry: 03 - Creating -  131 /  677 mb - '00040000000EC400.Main.romfs.xorpad'
Entry: 03 - Creating -  132 /  677 mb - '00040000000EC400.Main.romfs.xorpad'
Entry: 03 - Creating -  133 /  677 mb - '00040000000EC400.Main.romfs.xorpad'
Entry: 03 - Creating -  134 /  677 mb - '00040000000EC400.Main.romfs.xorpad'
Entry: 03 - Creating -  135 /  677 mb - '00040000000EC400.Main.romfs.xorpad'
Entry: 03 - Creating -  136 /  677 mb - '00040000000EC400.Main.romfs.xorpad'
Entry: 03 - Creating -  137 /  677 mb - '00040000000EC400.Main.romfs.xorpad'
Entry: 03 - Creating -  138 /  677 mb - '00040000000EC400.Main.romfs.xorpad'
Entry: 03 - Creating -  139 /  677 mb - '00040000000EC400.Main.romfs.xorpad'
Entry: 03 - Creating -  140 /  677 mb - '00040000000EC400.Main.romfs.xorpad'
Entry: 03 - Creating -  141 /  677 mb - '00040000000EC400.Main.romfs.xorpad'
Entry: 03 - Creating -  142 /  677 mb - '00040000000EC400.Main.romfs.xorpad'
Entry: 03 - Creating -  143 /  677 mb - '00040000000EC400.Main.romfs.xorpad'
Entry: 03 - Creating -  144 /  677 mb - '00040000000EC400.Main.romfs.xorpad'
Entry: 03 - Creating -  145 /  677 mb - '00040000000EC400.Main.romfs.xorpad'
Entry: 03 - Creating -  146 /  677 mb - '00040000000EC400.Main.romfs.xorpad'
Entry: 03 - Creating -  147 /  677 mb - '00040000000EC400.Main.romfs.xorpad'
Entry: 03 - Creating -  148 /  677 mb - '00040000000EC400.Main.romfs.xorpad'
Entry: 03 - Creating -  149 /  677 mb - '00040000000EC400.Main.romfs.xorpad'
Entry: 03 - Creating -  150 /  677 mb - '00040000000EC400.Main.romfs.xorpad'
Entry: 03 - Creating -  151 /  677 mb - '00040000000EC400.Main.romfs.xorpad'
Entry: 03 - Creating -  152 /  677 mb - '00040000000EC400.Main.romfs.xorpad'
Entry: 03 - Creating -  153 /  677 mb - '00040000000EC400.Main.romfs.xorpad'
Entry: 03 - Creating -  154 /  677 mb - '00040000000EC400.Main.romfs.xorpad'
Entry: 03 - Creating -  155 /  677 mb - '00040000000EC400.Main.romfs.xorpad'
Entry: 03 - Creating -  156 /  677 mb - '00040000000EC400.Main.romfs.xorpad'
Entry: 03 - Creating -  157 /  677 mb - '00040000000EC400.Main.romfs.xorpad'
Entry: 03 - Creating -  158 /  677 mb - '00040000000EC400.Main.romfs.xorpad'
Entry: 03 - Creating -  159 /  677 mb - '00040000000EC400.Main.romfs.xorpad'
Entry: 03 - Creating -  160 /  677 mb - '00040000000EC400.Main.romfs.xorpad'
Entry: 03 - Creating -  161 /  677 mb - '00040000000EC400.Main.romfs.xorpad'
Entry: 03 - Creating -  162 /  677 mb - '00040000000EC400.Main.romfs.xorpad'
Entry: 03 - Creating -  163 /  677 mb - '00040000000EC400.Main.romfs.xorpad'
Entry: 03 - Creating -  164 /  677 mb - '00040000000EC400.Main.romfs.xorpad'
Entry: 03 - Creating -  165 /  677 mb - '00040000000EC400.Main.romfs.xorpad'
Entry: 03 - Creating -  166 /  677 mb - '00040000000EC400.Main.romfs.xorpad'
Entry: 03 - Creating -  167 /  677 mb - '00040000000EC400.Main.romfs.xorpad'
Entry: 03 - Creating -  168 /  677 mb - '00040000000EC400.Main.romfs.xorpad'
Entry: 03 - Creating -  169 /  677 mb - '00040000000EC400.Main.romfs.xorpad'
Entry: 03 - Creating -  170 /  677 mb - '00040000000EC400.Main.romfs.xorpad'
Entry: 03 - Creating -  171 /  677 mb - '00040000000EC400.Main.romfs.xorpad'
Entry: 03 - Creating -  172 /  677 mb - '00040000000EC400.Main.romfs.xorpad'
Entry: 03 - Creating -  173 /  677 mb - '00040000000EC400.Main.romfs.xorpad'
Entry: 03 - Creating -  174 /  677 mb - '00040000000EC400.Main.romfs.xorpad'
Entry: 03 - Creating -  175 /  677 mb - '00040000000EC400.Main.romfs.xorpad'
Entry: 03 - Creating -  176 /  677 mb - '00040000000EC400.Main.romfs.xorpad'
Entry: 03 - Creating -  177 /  677 mb - '00040000000EC400.Main.romfs.xorpad'
Entry: 03 - Creating -  178 /  677 mb - '00040000000EC400.Main.romfs.xorpad'
Entry: 03 - Creating -  179 /  677 mb - '00040000000EC400.Main.romfs.xorpad'
Entry: 03 - Creating -  180 /  677 mb - '00040000000EC400.Main.romfs.xorpad'
Entry: 03 - Creating -  181 /  677 mb - '00040000000EC400.Main.romfs.xorpad'
Entry: 03 - Creating -  182 /  677 mb - '00040000000EC400.Main.romfs.xorpad'
Entry: 03 - Creating -  183 /  677 mb - '00040000000EC400.Main.romfs.xorpad'
Entry: 03 - Creating -  184 /  677 mb - '00040000000EC400.Main.romfs.xorpad'
Entry: 03 - Creating -  185 /  677 mb - '00040000000EC400.Main.romfs.xorpad'
Entry: 03 - Creating -  186 /  677 mb - '00040000000EC400.Main.romfs.xorpad'
Entry: 03 - Creating -  187 /  677 mb - '00040000000EC400.Main.romfs.xorpad'
Entry: 03 - Creating -  188 /  677 mb - '00040000000EC400.Main.romfs.xorpad'
Entry: 03 - Creating -  189 /  677 mb - '00040000000EC400.Main.romfs.xorpad'
Entry: 03 - Creating -  190 /  677 mb - '00040000000EC400.Main.romfs.xorpad'
Entry: 03 - Creating -  191 /  677 mb - '00040000000EC400.Main.romfs.xorpad'
Entry: 03 - Creating -  192 /  677 mb - '00040000000EC400.Main.romfs.xorpad'
Entry: 03 - Creating -  193 /  677 mb - '00040000000EC400.Main.romfs.xorpad'
Entry: 03 - Creating -  194 /  677 mb - '00040000000EC400.Main.romfs.xorpad'
Entry: 03 - Creating -  195 /  677 mb - '00040000000EC400.Main.romfs.xorpad'
Entry: 03 - Creating -  196 /  677 mb - '00040000000EC400.Main.romfs.xorpad'
Entry: 03 - Creating -  197 /  677 mb - '00040000000EC400.Main.romfs.xorpad'
Entry: 03 - Creating -  198 /  677 mb - '00040000000EC400.Main.romfs.xorpad'
Entry: 03 - Creating -  199 /  677 mb - '00040000000EC400.Main.romfs.xorpad'
Entry: 03 - Creating -  200 /  677 mb - '00040000000EC400.Main.romfs.xorpad'
Entry: 03 - Creating -  201 /  677 mb - '00040000000EC400.Main.romfs.xorpad'
Entry: 03 - Creating -  202 /  677 mb - '00040000000EC400.Main.romfs.xorpad'
Entry: 03 - Creating -  203 /  677 mb - '00040000000EC400.Main.romfs.xorpad'
Entry: 03 - Creating -  204 /  677 mb - '00040000000EC400.Main.romfs.xorpad'
Entry: 03 - Creating -  205 /  677 mb - '00040000000EC400.Main.romfs.xorpad'
Entry: 03 - Creating -  206 /  677 mb - '00040000000EC400.Main.romfs.xorpad'
Entry: 03 - Creating -  207 /  677 mb - '00040000000EC400.Main.romfs.xorpad'
Entry: 03 - Creating -  208 /  677 mb - '00040000000EC400.Main.romfs.xorpad'
Entry: 03 - Creating -  209 /  677 mb - '00040000000EC400.Main.romfs.xorpad'
Entry: 03 - Creating -  210 /  677 mb - '00040000000EC400.Main.romfs.xorpad'
Entry: 03 - Creating -  211 /  677 mb - '00040000000EC400.Main.romfs.xorpad'
Entry: 03 - Creating -  212 /  677 mb - '00040000000EC400.Main.romfs.xorpad'
Entry: 03 - Creating -  213 /  677 mb - '00040000000EC400.Main.romfs.xorpad'
Entry: 03 - Creating -  214 /  677 mb - '00040000000EC400.Main.romfs.xorpad'
Entry: 03 - Creating -  215 /  677 mb - '00040000000EC400.Main.romfs.xorpad'
Entry: 03 - Creating -  216 /  677 mb - '00040000000EC400.Main.romfs.xorpad'
Entry: 03 - Creating -  217 /  677 mb - '00040000000EC400.Main.romfs.xorpad'
Entry: 03 - Creating -  218 /  677 mb - '00040000000EC400.Main.romfs.xorpad'
Entry: 03 - Creating -  219 /  677 mb - '00040000000EC400.Main.romfs.xorpad'
Entry: 03 - Creating -  220 /  677 mb - '00040000000EC400.Main.romfs.xorpad'
Entry: 03 - Creating -  221 /  677 mb - '00040000000EC400.Main.romfs.xorpad'
Entry: 03 - Creating -  222 /  677 mb - '00040000000EC400.Main.romfs.xorpad'
Entry: 03 - Creating -  223 /  677 mb - '00040000000EC400.Main.romfs.xorpad'
Entry: 03 - Creating -  224 /  677 mb - '00040000000EC400.Main.romfs.xorpad'
Entry: 03 - Creating -  225 /  677 mb - '00040000000EC400.Main.romfs.xorpad'
Entry: 03 - Creating -  226 /  677 mb - '00040000000EC400.Main.romfs.xorpad'
Entry: 03 - Creating -  227 /  677 mb - '00040000000EC400.Main.romfs.xorpad'
Entry: 03 - Creating -  228 /  677 mb - '00040000000EC400.Main.romfs.xorpad'
Entry: 03 - Creating -  229 /  677 mb - '00040000000EC400.Main.romfs.xorpad'
Entry: 03 - Creating -  230 /  677 mb - '00040000000EC400.Main.romfs.xorpad'
Entry: 03 - Creating -  231 /  677 mb - '00040000000EC400.Main.romfs.xorpad'
Entry: 03 - Creating -  232 /  677 mb - '00040000000EC400.Main.romfs.xorpad'
Entry: 03 - Creating -  233 /  677 mb - '00040000000EC400.Main.romfs.xorpad'
Entry: 03 - Creating -  234 /  677 mb - '00040000000EC400.Main.romfs.xorpad'
Entry: 03 - Creating -  235 /  677 mb - '00040000000EC400.Main.romfs.xorpad'
Entry: 03 - Creating -  236 /  677 mb - '00040000000EC400.Main.romfs.xorpad'
Entry: 03 - Creating -  237 /  677 mb - '00040000000EC400.Main.romfs.xorpad'
Entry: 03 - Creating -  238 /  677 mb - '00040000000EC400.Main.romfs.xorpad'
Entry: 03 - Creating -  239 /  677 mb - '00040000000EC400.Main.romfs.xorpad'
Entry: 03 - Creating -  240 /  677 mb - '00040000000EC400.Main.romfs.xorpad'
Entry: 03 - Creating -  241 /  677 mb - '00040000000EC400.Main.romfs.xorpad'
Entry: 03 - Creating -  242 /  677 mb - '00040000000EC400.Main.romfs.xorpad'
Entry: 03 - Creating -  243 /  677 mb - '00040000000EC400.Main.romfs.xorpad'
Entry: 03 - Creating -  244 /  677 mb - '00040000000EC400.Main.romfs.xorpad'
Entry: 03 - Creating -  245 /  677 mb - '00040000000EC400.Main.romfs.xorpad'
Entry: 03 - Creating -  246 /  677 mb - '00040000000EC400.Main.romfs.xorpad'
Entry: 03 - Creating -  247 /  677 mb - '00040000000EC400.Main.romfs.xorpad'
Entry: 03 - Creating -  248 /  677 mb - '00040000000EC400.Main.romfs.xorpad'
Entry: 03 - Creating -  249 /  677 mb - '00040000000EC400.Main.romfs.xorpad'
Entry: 03 - Creating -  250 /  677 mb - '00040000000EC400.Main.romfs.xorpad'
Entry: 03 - Creating -  251 /  677 mb - '00040000000EC400.Main.romfs.xorpad'
Entry: 03 - Creating -  252 /  677 mb - '00040000000EC400.Main.romfs.xorpad'
Entry: 03 - Creating -  253 /  677 mb - '00040000000EC400.Main.romfs.xorpad'
Entry: 03 - Creating -  254 /  677 mb - '00040000000EC400.Main.romfs.xorpad'
Entry: 03 - Creating -  255 /  677 mb - '00040000000EC400.Main.romfs.xorpad'
Entry: 03 - Creating -  256 /  677 mb - '00040000000EC400.Main.romfs.xorpad'
Entry: 03 - Creating -  257 /  677 mb - '00040000000EC400.Main.romfs.xorpad'
Entry: 03 - Creating -  258 /  677 mb - '00040000000EC400.Main.romfs.xorpad'
Entry: 03 - Creating -  259 /  677 mb - '00040000000EC400.Main.romfs.xorpad'
Entry: 03 - Creating -  260 /  677 mb - '00040000000EC400.Main.romfs.xorpad'
Entry: 03 - Creating -  261 /  677 mb - '00040000000EC400.Main.romfs.xorpad'
Entry: 03 - Creating -  262 /  677 mb - '00040000000EC400.Main.romfs.xorpad'
Entry: 03 - Creating -  263 /  677 mb - '00040000000EC400.Main.romfs.xorpad'
Entry: 03 - Creating -  264 /  677 mb - '00040000000EC400.Main.romfs.xorpad'
Entry: 03 - Creating -  265 /  677 mb - '00040000000EC400.Main.romfs.xorpad'
Entry: 03 - Creating -  266 /  677 mb - '00040000000EC400.Main.romfs.xorpad'
Entry: 03 - Creating -  267 /  677 mb - '00040000000EC400.Main.romfs.xorpad'
Entry: 03 - Creating -  268 /  677 mb - '00040000000EC400.Main.romfs.xorpad'
Entry: 03 - Creating -  269 /  677 mb - '00040000000EC400.Main.romfs.xorpad'
Entry: 03 - Creating -  270 /  677 mb - '00040000000EC400.Main.romfs.xorpad'
Entry: 03 - Creating -  271 /  677 mb - '00040000000EC400.Main.romfs.xorpad'
Entry: 03 - Creating -  272 /  677 mb - '00040000000EC400.Main.romfs.xorpad'
Entry: 03 - Creating -  273 /  677 mb - '00040000000EC400.Main.romfs.xorpad'
Entry: 03 - Creating -  274 /  677 mb - '00040000000EC400.Main.romfs.xorpad'
Entry: 03 - Creating -  275 /  677 mb - '00040000000EC400.Main.romfs.xorpad'
Entry: 03 - Creating -  276 /  677 mb - '00040000000EC400.Main.romfs.xorpad'
Entry: 03 - Creating -  277 /  677 mb - '00040000000EC400.Main.romfs.xorpad'
Entry: 03 - Creating -  278 /  677 mb - '00040000000EC400.Main.romfs.xorpad'
Entry: 03 - Creating -  279 /  677 mb - '00040000000EC400.Main.romfs.xorpad'
Entry: 03 - Creating -  280 /  677 mb - '00040000000EC400.Main.romfs.xorpad'
Entry: 03 - Creating -  281 /  677 mb - '00040000000EC400.Main.romfs.xorpad'
Entry: 03 - Creating -  282 /  677 mb - '00040000000EC400.Main.romfs.xorpad'
Entry: 03 - Creating -  283 /  677 mb - '00040000000EC400.Main.romfs.xorpad'
Entry: 03 - Creating -  284 /  677 mb - '00040000000EC400.Main.romfs.xorpad'
Entry: 03 - Creating -  285 /  677 mb - '00040000000EC400.Main.romfs.xorpad'
Entry: 03 - Creating -  286 /  677 mb - '00040000000EC400.Main.romfs.xorpad'
Entry: 03 - Creating -  287 /  677 mb - '00040000000EC400.Main.romfs.xorpad'
Entry: 03 - Creating -  288 /  677 mb - '00040000000EC400.Main.romfs.xorpad'
Entry: 03 - Creating -  289 /  677 mb - '00040000000EC400.Main.romfs.xorpad'
Entry: 03 - Creating -  290 /  677 mb - '00040000000EC400.Main.romfs.xorpad'
Entry: 03 - Creating -  291 /  677 mb - '00040000000EC400.Main.romfs.xorpad'
Entry: 03 - Creating -  292 /  677 mb - '00040000000EC400.Main.romfs.xorpad'
Entry: 03 - Creating -  293 /  677 mb - '00040000000EC400.Main.romfs.xorpad'
Entry: 03 - Creating -  294 /  677 mb - '00040000000EC400.Main.romfs.xorpad'
Entry: 03 - Creating -  295 /  677 mb - '00040000000EC400.Main.romfs.xorpad'
Entry: 03 - Creating -  296 /  677 mb - '00040000000EC400.Main.romfs.xorpad'
Entry: 03 - Creating -  297 /  677 mb - '00040000000EC400.Main.romfs.xorpad'
Entry: 03 - Creating -  298 /  677 mb - '00040000000EC400.Main.romfs.xorpad'
Entry: 03 - Creating -  299 /  677 mb - '00040000000EC400.Main.romfs.xorpad'
Entry: 03 - Creating -  300 /  677 mb - '00040000000EC400.Main.romfs.xorpad'
Entry: 03 - Creating -  301 /  677 mb - '00040000000EC400.Main.romfs.xorpad'
Entry: 03 - Creating -  302 /  677 mb - '00040000000EC400.Main.romfs.xorpad'
Entry: 03 - Creating -  303 /  677 mb - '00040000000EC400.Main.romfs.xorpad'
Entry: 03 - Creating -  304 /  677 mb - '00040000000EC400.Main.romfs.xorpad'
Entry: 03 - Creating -  305 /  677 mb - '00040000000EC400.Main.romfs.xorpad'
Entry: 03 - Creating -  306 /  677 mb - '00040000000EC400.Main.romfs.xorpad'
Entry: 03 - Creating -  307 /  677 mb - '00040000000EC400.Main.romfs.xorpad'
Entry: 03 - Creating -  308 /  677 mb - '00040000000EC400.Main.romfs.xorpad'
Entry: 03 - Creating -  309 /  677 mb - '00040000000EC400.Main.romfs.xorpad'
Entry: 03 - Creating -  310 /  677 mb - '00040000000EC400.Main.romfs.xorpad'
Entry: 03 - Creating -  311 /  677 mb - '00040000000EC400.Main.romfs.xorpad'
Entry: 03 - Creating -  312 /  677 mb - '00040000000EC400.Main.romfs.xorpad'
Entry: 03 - Creating -  313 /  677 mb - '00040000000EC400.Main.romfs.xorpad'
Entry: 03 - Creating -  314 /  677 mb - '00040000000EC400.Main.romfs.xorpad'
Entry: 03 - Creating -  315 /  677 mb - '00040000000EC400.Main.romfs.xorpad'
Entry: 03 - Creating -  316 /  677 mb - '00040000000EC400.Main.romfs.xorpad'
Entry: 03 - Creating -  317 /  677 mb - '00040000000EC400.Main.romfs.xorpad'
Entry: 03 - Creating -  318 /  677 mb - '00040000000EC400.Main.romfs.xorpad'
Entry: 03 - Creating -  319 /  677 mb - '00040000000EC400.Main.romfs.xorpad'
Entry: 03 - Creating -  320 /  677 mb - '00040000000EC400.Main.romfs.xorpad'
Entry: 03 - Creating -  321 /  677 mb - '00040000000EC400.Main.romfs.xorpad'
Entry: 03 - Creating -  322 /  677 mb - '00040000000EC400.Main.romfs.xorpad'
Entry: 03 - Creating -  323 /  677 mb - '00040000000EC400.Main.romfs.xorpad'
Entry: 03 - Creating -  324 /  677 mb - '00040000000EC400.Main.romfs.xorpad'
Entry: 03 - Creating -  325 /  677 mb - '00040000000EC400.Main.romfs.xorpad'
Entry: 03 - Creating -  326 /  677 mb - '00040000000EC400.Main.romfs.xorpad'
Entry: 03 - Creating -  327 /  677 mb - '00040000000EC400.Main.romfs.xorpad'
Entry: 03 - Creating -  328 /  677 mb - '00040000000EC400.Main.romfs.xorpad'
Entry: 03 - Creating -  329 /  677 mb - '00040000000EC400.Main.romfs.xorpad'
Entry: 03 - Creating -  330 /  677 mb - '00040000000EC400.Main.romfs.xorpad'
Entry: 03 - Creating -  331 /  677 mb - '00040000000EC400.Main.romfs.xorpad'
Entry: 03 - Creating -  332 /  677 mb - '00040000000EC400.Main.romfs.xorpad'
Entry: 03 - Creating -  333 /  677 mb - '00040000000EC400.Main.romfs.xorpad'
Entry: 03 - Creating -  334 /  677 mb - '00040000000EC400.Main.romfs.xorpad'
Entry: 03 - Creating -  335 /  677 mb - '00040000000EC400.Main.romfs.xorpad'
Entry: 03 - Creating -  336 /  677 mb - '00040000000EC400.Main.romfs.xorpad'
Entry: 03 - Creating -  337 /  677 mb - '00040000000EC400.Main.romfs.xorpad'
Entry: 03 - Creating -  338 /  677 mb - '00040000000EC400.Main.romfs.xorpad'
Entry: 03 - Creating -  339 /  677 mb - '00040000000EC400.Main.romfs.xorpad'
Entry: 03 - Creating -  340 /  677 mb - '00040000000EC400.Main.romfs.xorpad'
Entry: 03 - Creating -  341 /  677 mb - '00040000000EC400.Main.romfs.xorpad'
Entry: 03 - Creating -  342 /  677 mb - '00040000000EC400.Main.romfs.xorpad'
Entry: 03 - Creating -  343 /  677 mb - '00040000000EC400.Main.romfs.xorpad'
Entry: 03 - Creating -  344 /  677 mb - '00040000000EC400.Main.romfs.xorpad'
Entry: 03 - Creating -  345 /  677 mb - '00040000000EC400.Main.romfs.xorpad'
Entry: 03 - Creating -  346 /  677 mb - '00040000000EC400.Main.romfs.xorpad'
Entry: 03 - Creating -  347 /  677 mb - '00040000000EC400.Main.romfs.xorpad'
Entry: 03 - Creating -  348 /  677 mb - '00040000000EC400.Main.romfs.xorpad'
Entry: 03 - Creating -  349 /  677 mb - '00040000000EC400.Main.romfs.xorpad'
Entry: 03 - Creating -  350 /  677 mb - '00040000000EC400.Main.romfs.xorpad'
Entry: 03 - Creating -  351 /  677 mb - '00040000000EC400.Main.romfs.xorpad'
Entry: 03 - Creating -  352 /  677 mb - '00040000000EC400.Main.romfs.xorpad'
Entry: 03 - Creating -  353 /  677 mb - '00040000000EC400.Main.romfs.xorpad'
Entry: 03 - Creating -  354 /  677 mb - '00040000000EC400.Main.romfs.xorpad'
Entry: 03 - Creating -  355 /  677 mb - '00040000000EC400.Main.romfs.xorpad'
Entry: 03 - Creating -  356 /  677 mb - '00040000000EC400.Main.romfs.xorpad'
Entry: 03 - Creating -  357 /  677 mb - '00040000000EC400.Main.romfs.xorpad'
Entry: 03 - Creating -  358 /  677 mb - '00040000000EC400.Main.romfs.xorpad'
Entry: 03 - Creating -  359 /  677 mb - '00040000000EC400.Main.romfs.xorpad'
Entry: 03 - Creating -  360 /  677 mb - '00040000000EC400.Main.romfs.xorpad'
Entry: 03 - Creating -  361 /  677 mb - '00040000000EC400.Main.romfs.xorpad'
Entry: 03 - Creating -  362 /  677 mb - '00040000000EC400.Main.romfs.xorpad'
Entry: 03 - Creating -  363 /  677 mb - '00040000000EC400.Main.romfs.xorpad'
Entry: 03 - Creating -  364 /  677 mb - '00040000000EC400.Main.romfs.xorpad'
Entry: 03 - Creating -  365 /  677 mb - '00040000000EC400.Main.romfs.xorpad'
Entry: 03 - Creating -  366 /  677 mb - '00040000000EC400.Main.romfs.xorpad'
Entry: 03 - Creating -  367 /  677 mb - '00040000000EC400.Main.romfs.xorpad'
Entry: 03 - Creating -  368 /  677 mb - '00040000000EC400.Main.romfs.xorpad'
Entry: 03 - Creating -  369 /  677 mb - '00040000000EC400.Main.romfs.xorpad'
Entry: 03 - Creating -  370 /  677 mb - '00040000000EC400.Main.romfs.xorpad'
Entry: 03 - Creating -  371 /  677 mb - '00040000000EC400.Main.romfs.xorpad'
Entry: 03 - Creating -  372 /  677 mb - '00040000000EC400.Main.romfs.xorpad'
Entry: 03 - Creating -  373 /  677 mb - '00040000000EC400.Main.romfs.xorpad'
Entry: 03 - Creating -  374 /  677 mb - '00040000000EC400.Main.romfs.xorpad'
Entry: 03 - Creating -  375 /  677 mb - '00040000000EC400.Main.romfs.xorpad'
Entry: 03 - Creating -  376 /  677 mb - '00040000000EC400.Main.romfs.xorpad'
Entry: 03 - Creating -  377 /  677 mb - '00040000000EC400.Main.romfs.xorpad'
Entry: 03 - Creating -  378 /  677 mb - '00040000000EC400.Main.romfs.xorpad'
Entry: 03 - Creating -  379 /  677 mb - '00040000000EC400.Main.romfs.xorpad'
Entry: 03 - Creating -  380 /  677 mb - '00040000000EC400.Main.romfs.xorpad'
Entry: 03 - Creating -  381 /  677 mb - '00040000000EC400.Main.romfs.xorpad'
Entry: 03 - Creating -  382 /  677 mb - '00040000000EC400.Main.romfs.xorpad'
Entry: 03 - Creating -  383 /  677 mb - '00040000000EC400.Main.romfs.xorpad'
Entry: 03 - Creating -  384 /  677 mb - '00040000000EC400.Main.romfs.xorpad'
Entry: 03 - Creating -  385 /  677 mb - '00040000000EC400.Main.romfs.xorpad'
Entry: 03 - Creating -  386 /  677 mb - '00040000000EC400.Main.romfs.xorpad'
Entry: 03 - Creating -  387 /  677 mb - '00040000000EC400.Main.romfs.xorpad'
Entry: 03 - Creating -  388 /  677 mb - '00040000000EC400.Main.romfs.xorpad'
Entry: 03 - Creating -  389 /  677 mb - '00040000000EC400.Main.romfs.xorpad'
Entry: 03 - Creating -  390 /  677 mb - '00040000000EC400.Main.romfs.xorpad'
Entry: 03 - Creating -  391 /  677 mb - '00040000000EC400.Main.romfs.xorpad'
Entry: 03 - Creating -  392 /  677 mb - '00040000000EC400.Main.romfs.xorpad'
Entry: 03 - Creating -  393 /  677 mb - '00040000000EC400.Main.romfs.xorpad'
Entry: 03 - Creating -  394 /  677 mb - '00040000000EC400.Main.romfs.xorpad'
Entry: 03 - Creating -  395 /  677 mb - '00040000000EC400.Main.romfs.xorpad'
Entry: 03 - Creating -  396 /  677 mb - '00040000000EC400.Main.romfs.xorpad'
Entry: 03 - Creating -  397 /  677 mb - '00040000000EC400.Main.romfs.xorpad'
Entry: 03 - Creating -  398 /  677 mb - '00040000000EC400.Main.romfs.xorpad'
Entry: 03 - Creating -  399 /  677 mb - '00040000000EC400.Main.romfs.xorpad'
Entry: 03 - Creating -  400 /  677 mb - '00040000000EC400.Main.romfs.xorpad'
Entry: 03 - Creating -  401 /  677 mb - '00040000000EC400.Main.romfs.xorpad'
Entry: 03 - Creating -  402 /  677 mb - '00040000000EC400.Main.romfs.xorpad'
Entry: 03 - Creating -  403 /  677 mb - '00040000000EC400.Main.romfs.xorpad'
Entry: 03 - Creating -  404 /  677 mb - '00040000000EC400.Main.romfs.xorpad'
Entry: 03 - Creating -  405 /  677 mb - '00040000000EC400.Main.romfs.xorpad'
Entry: 03 - Creating -  406 /  677 mb - '00040000000EC400.Main.romfs.xorpad'
Entry: 03 - Creating -  407 /  677 mb - '00040000000EC400.Main.romfs.xorpad'
Entry: 03 - Creating -  408 /  677 mb - '00040000000EC400.Main.romfs.xorpad'
Entry: 03 - Creating -  409 /  677 mb - '00040000000EC400.Main.romfs.xorpad'
Entry: 03 - Creating -  410 /  677 mb - '00040000000EC400.Main.romfs.xorpad'
Entry: 03 - Creating -  411 /  677 mb - '00040000000EC400.Main.romfs.xorpad'
Entry: 03 - Creating -  412 /  677 mb - '00040000000EC400.Main.romfs.xorpad'
Entry: 03 - Creating -  413 /  677 mb - '00040000000EC400.Main.romfs.xorpad'
Entry: 03 - Creating -  414 /  677 mb - '00040000000EC400.Main.romfs.xorpad'
Entry: 03 - Creating -  415 /  677 mb - '00040000000EC400.Main.romfs.xorpad'
Entry: 03 - Creating -  416 /  677 mb - '00040000000EC400.Main.romfs.xorpad'
Entry: 03 - Creating -  417 /  677 mb - '00040000000EC400.Main.romfs.xorpad'
Entry: 03 - Creating -  418 /  677 mb - '00040000000EC400.Main.romfs.xorpad'
Entry: 03 - Creating -  419 /  677 mb - '00040000000EC400.Main.romfs.xorpad'
Entry: 03 - Creating -  420 /  677 mb - '00040000000EC400.Main.romfs.xorpad'
Entry: 03 - Creating -  421 /  677 mb - '00040000000EC400.Main.romfs.xorpad'
Entry: 03 - Creating -  422 /  677 mb - '00040000000EC400.Main.romfs.xorpad'
Entry: 03 - Creating -  423 /  677 mb - '00040000000EC400.Main.romfs.xorpad'
Entry: 03 - Creating -  424 /  677 mb - '00040000000EC400.Main.romfs.xorpad'
Entry: 03 - Creating -  425 /  677 mb - '00040000000EC400.Main.romfs.xorpad'
Entry: 03 - Creating -  426 /  677 mb - '00040000000EC400.Main.romfs.xorpad'
Entry: 03 - Creating -  427 /  677 mb - '00040000000EC400.Main.romfs.xorpad'
Entry: 03 - Creating -  428 /  677 mb - '00040000000EC400.Main.romfs.xorpad'
Entry: 03 - Creating -  429 /  677 mb - '00040000000EC400.Main.romfs.xorpad'
Entry: 03 - Creating -  430 /  677 mb - '00040000000EC400.Main.romfs.xorpad'
Entry: 03 - Creating -  431 /  677 mb - '00040000000EC400.Main.romfs.xorpad'
Entry: 03 - Creating -  432 /  677 mb - '00040000000EC400.Main.romfs.xorpad'
Entry: 03 - Creating -  433 /  677 mb - '00040000000EC400.Main.romfs.xorpad'
Entry: 03 - Creating -  434 /  677 mb - '00040000000EC400.Main.romfs.xorpad'
Entry: 03 - Creating -  435 /  677 mb - '00040000000EC400.Main.romfs.xorpad'
Entry: 03 - Creating -  436 /  677 mb - '00040000000EC400.Main.romfs.xorpad'
Entry: 03 - Creating -  437 /  677 mb - '00040000000EC400.Main.romfs.xorpad'
Entry: 03 - Creating -  438 /  677 mb - '00040000000EC400.Main.romfs.xorpad'
Entry: 03 - Creating -  439 /  677 mb - '00040000000EC400.Main.romfs.xorpad'
Entry: 03 - Creating -  440 /  677 mb - '00040000000EC400.Main.romfs.xorpad'
Entry: 03 - Creating -  441 /  677 mb - '00040000000EC400.Main.romfs.xorpad'
Entry: 03 - Creating -  442 /  677 mb - '00040000000EC400.Main.romfs.xorpad'
Entry: 03 - Creating -  443 /  677 mb - '00040000000EC400.Main.romfs.xorpad'
Entry: 03 - Creating -  444 /  677 mb - '00040000000EC400.Main.romfs.xorpad'
Entry: 03 - Creating -  445 /  677 mb - '00040000000EC400.Main.romfs.xorpad'
Entry: 03 - Creating -  446 /  677 mb - '00040000000EC400.Main.romfs.xorpad'
Entry: 03 - Creating -  447 /  677 mb - '00040000000EC400.Main.romfs.xorpad'
Entry: 03 - Creating -  448 /  677 mb - '00040000000EC400.Main.romfs.xorpad'
Entry: 03 - Creating -  449 /  677 mb - '00040000000EC400.Main.romfs.xorpad'
Entry: 03 - Creating -  450 /  677 mb - '00040000000EC400.Main.romfs.xorpad'
Entry: 03 - Creating -  451 /  677 mb - '00040000000EC400.Main.romfs.xorpad'
Entry: 03 - Creating -  452 /  677 mb - '00040000000EC400.Main.romfs.xorpad'
Entry: 03 - Creating -  453 /  677 mb - '00040000000EC400.Main.romfs.xorpad'
Entry: 03 - Creating -  454 /  677 mb - '00040000000EC400.Main.romfs.xorpad'
Entry: 03 - Creating -  455 /  677 mb - '00040000000EC400.Main.romfs.xorpad'
Entry: 03 - Creating -  456 /  677 mb - '00040000000EC400.Main.romfs.xorpad'
Entry: 03 - Creating -  457 /  677 mb - '00040000000EC400.Main.romfs.xorpad'
Entry: 03 - Creating -  458 /  677 mb - '00040000000EC400.Main.romfs.xorpad'
Entry: 03 - Creating -  459 /  677 mb - '00040000000EC400.Main.romfs.xorpad'
Entry: 03 - Creating -  460 /  677 mb - '00040000000EC400.Main.romfs.xorpad'
Entry: 03 - Creating -  461 /  677 mb - '00040000000EC400.Main.romfs.xorpad'
Entry: 03 - Creating -  462 /  677 mb - '00040000000EC400.Main.romfs.xorpad'
Entry: 03 - Creating -  463 /  677 mb - '00040000000EC400.Main.romfs.xorpad'
Entry: 03 - Creating -  464 /  677 mb - '00040000000EC400.Main.romfs.xorpad'
Entry: 03 - Creating -  465 /  677 mb - '00040000000EC400.Main.romfs.xorpad'
Entry: 03 - Creating -  466 /  677 mb - '00040000000EC400.Main.romfs.xorpad'
Entry: 03 - Creating -  467 /  677 mb - '00040000000EC400.Main.romfs.xorpad'
Entry: 03 - Creating -  468 /  677 mb - '00040000000EC400.Main.romfs.xorpad'
Entry: 03 - Creating -  469 /  677 mb - '00040000000EC400.Main.romfs.xorpad'
Entry: 03 - Creating -  470 /  677 mb - '00040000000EC400.Main.romfs.xorpad'
Entry: 03 - Creating -  471 /  677 mb - '00040000000EC400.Main.romfs.xorpad'
Entry: 03 - Creating -  472 /  677 mb - '00040000000EC400.Main.romfs.xorpad'
Entry: 03 - Creating -  473 /  677 mb - '00040000000EC400.Main.romfs.xorpad'
Entry: 03 - Creating -  474 /  677 mb - '00040000000EC400.Main.romfs.xorpad'
Entry: 03 - Creating -  475 /  677 mb - '00040000000EC400.Main.romfs.xorpad'
Entry: 03 - Creating -  476 /  677 mb - '00040000000EC400.Main.romfs.xorpad'
Entry: 03 - Creating -  477 /  677 mb - '00040000000EC400.Main.romfs.xorpad'
Entry: 03 - Creating -  478 /  677 mb - '00040000000EC400.Main.romfs.xorpad'
Entry: 03 - Creating -  479 /  677 mb - '00040000000EC400.Main.romfs.xorpad'
Entry: 03 - Creating -  480 /  677 mb - '00040000000EC400.Main.romfs.xorpad'
Entry: 03 - Creating -  481 /  677 mb - '00040000000EC400.Main.romfs.xorpad'
Entry: 03 - Creating -  482 /  677 mb - '00040000000EC400.Main.romfs.xorpad'
Entry: 03 - Creating -  483 /  677 mb - '00040000000EC400.Main.romfs.xorpad'
Entry: 03 - Creating -  484 /  677 mb - '00040000000EC400.Main.romfs.xorpad'
Entry: 03 - Creating -  485 /  677 mb - '00040000000EC400.Main.romfs.xorpad'
Entry: 03 - Creating -  486 /  677 mb - '00040000000EC400.Main.romfs.xorpad'
Entry: 03 - Creating -  487 /  677 mb - '00040000000EC400.Main.romfs.xorpad'
Entry: 03 - Creating -  488 /  677 mb - '00040000000EC400.Main.romfs.xorpad'
Entry: 03 - Creating -  489 /  677 mb - '00040000000EC400.Main.romfs.xorpad'
Entry: 03 - Creating -  490 /  677 mb - '00040000000EC400.Main.romfs.xorpad'
Entry: 03 - Creating -  491 /  677 mb - '00040000000EC400.Main.romfs.xorpad'
Entry: 03 - Creating -  492 /  677 mb - '00040000000EC400.Main.romfs.xorpad'
Entry: 03 - Creating -  493 /  677 mb - '00040000000EC400.Main.romfs.xorpad'
Entry: 03 - Creating -  494 /  677 mb - '00040000000EC400.Main.romfs.xorpad'
Entry: 03 - Creating -  495 /  677 mb - '00040000000EC400.Main.romfs.xorpad'
Entry: 03 - Creating -  496 /  677 mb - '00040000000EC400.Main.romfs.xorpad'
Entry: 03 - Creating -  497 /  677 mb - '00040000000EC400.Main.romfs.xorpad'
Entry: 03 - Creating -  498 /  677 mb - '00040000000EC400.Main.romfs.xorpad'
Entry: 03 - Creating -  499 /  677 mb - '00040000000EC400.Main.romfs.xorpad'
Entry: 03 - Creating -  500 /  677 mb - '00040000000EC400.Main.romfs.xorpad'
Entry: 03 - Creating -  501 /  677 mb - '00040000000EC400.Main.romfs.xorpad'
Entry: 03 - Creating -  502 /  677 mb - '00040000000EC400.Main.romfs.xorpad'
Entry: 03 - Creating -  503 /  677 mb - '00040000000EC400.Main.romfs.xorpad'
Entry: 03 - Creating -  504 /  677 mb - '00040000000EC400.Main.romfs.xorpad'
Entry: 03 - Creating -  505 /  677 mb - '00040000000EC400.Main.romfs.xorpad'
Entry: 03 - Creating -  506 /  677 mb - '00040000000EC400.Main.romfs.xorpad'
Entry: 03 - Creating -  507 /  677 mb - '00040000000EC400.Main.romfs.xorpad'
Entry: 03 - Creating -  508 /  677 mb - '00040000000EC400.Main.romfs.xorpad'
Entry: 03 - Creating -  509 /  677 mb - '00040000000EC400.Main.romfs.xorpad'
Entry: 03 - Creating -  510 /  677 mb - '00040000000EC400.Main.romfs.xorpad'
Entry: 03 - Creating -  511 /  677 mb - '00040000000EC400.Main.romfs.xorpad'
Entry: 03 - Creating -  512 /  677 mb - '00040000000EC400.Main.romfs.xorpad'
Entry: 03 - Creating -  513 /  677 mb - '00040000000EC400.Main.romfs.xorpad'
Entry: 03 - Creating -  514 /  677 mb - '00040000000EC400.Main.romfs.xorpad'
Entry: 03 - Creating -  515 /  677 mb - '00040000000EC400.Main.romfs.xorpad'
Entry: 03 - Creating -  516 /  677 mb - '00040000000EC400.Main.romfs.xorpad'
Entry: 03 - Creating -  517 /  677 mb - '00040000000EC400.Main.romfs.xorpad'
Entry: 03 - Creating -  518 /  677 mb - '00040000000EC400.Main.romfs.xorpad'
Entry: 03 - Creating -  519 /  677 mb - '00040000000EC400.Main.romfs.xorpad'
Entry: 03 - Creating -  520 /  677 mb - '00040000000EC400.Main.romfs.xorpad'
Entry: 03 - Creating -  521 /  677 mb - '00040000000EC400.Main.romfs.xorpad'
Entry: 03 - Creating -  522 /  677 mb - '00040000000EC400.Main.romfs.xorpad'
Entry: 03 - Creating -  523 /  677 mb - '00040000000EC400.Main.romfs.xorpad'
Entry: 03 - Creating -  524 /  677 mb - '00040000000EC400.Main.romfs.xorpad'
Entry: 03 - Creating -  525 /  677 mb - '00040000000EC400.Main.romfs.xorpad'
Entry: 03 - Creating -  526 /  677 mb - '00040000000EC400.Main.romfs.xorpad'
Entry: 03 - Creating -  527 /  677 mb - '00040000000EC400.Main.romfs.xorpad'
Entry: 03 - Creating -  528 /  677 mb - '00040000000EC400.Main.romfs.xorpad'
Entry: 03 - Creating -  529 /  677 mb - '00040000000EC400.Main.romfs.xorpad'
Entry: 03 - Creating -  530 /  677 mb - '00040000000EC400.Main.romfs.xorpad'
Entry: 03 - Creating -  531 /  677 mb - '00040000000EC400.Main.romfs.xorpad'
Entry: 03 - Creating -  532 /  677 mb - '00040000000EC400.Main.romfs.xorpad'
Entry: 03 - Creating -  533 /  677 mb - '00040000000EC400.Main.romfs.xorpad'
Entry: 03 - Creating -  534 /  677 mb - '00040000000EC400.Main.romfs.xorpad'
Entry: 03 - Creating -  535 /  677 mb - '00040000000EC400.Main.romfs.xorpad'
Entry: 03 - Creating -  536 /  677 mb - '00040000000EC400.Main.romfs.xorpad'
Entry: 03 - Creating -  537 /  677 mb - '00040000000EC400.Main.romfs.xorpad'
Entry: 03 - Creating -  538 /  677 mb - '00040000000EC400.Main.romfs.xorpad'
Entry: 03 - Creating -  539 /  677 mb - '00040000000EC400.Main.romfs.xorpad'
Entry: 03 - Creating -  540 /  677 mb - '00040000000EC400.Main.romfs.xorpad'
Entry: 03 - Creating -  541 /  677 mb - '00040000000EC400.Main.romfs.xorpad'
Entry: 03 - Creating -  542 /  677 mb - '00040000000EC400.Main.romfs.xorpad'
Entry: 03 - Creating -  543 /  677 mb - '00040000000EC400.Main.romfs.xorpad'
Entry: 03 - Creating -  544 /  677 mb - '00040000000EC400.Main.romfs.xorpad'
Entry: 03 - Creating -  545 /  677 mb - '00040000000EC400.Main.romfs.xorpad'
Entry: 03 - Creating -  546 /  677 mb - '00040000000EC400.Main.romfs.xorpad'
Entry: 03 - Creating -  547 /  677 mb - '00040000000EC400.Main.romfs.xorpad'
Entry: 03 - Creating -  548 /  677 mb - '00040000000EC400.Main.romfs.xorpad'
Entry: 03 - Creating -  549 /  677 mb - '00040000000EC400.Main.romfs.xorpad'
Entry: 03 - Creating -  550 /  677 mb - '00040000000EC400.Main.romfs.xorpad'
Entry: 03 - Creating -  551 /  677 mb - '00040000000EC400.Main.romfs.xorpad'
Entry: 03 - Creating -  552 /  677 mb - '00040000000EC400.Main.romfs.xorpad'
Entry: 03 - Creating -  553 /  677 mb - '00040000000EC400.Main.romfs.xorpad'
Entry: 03 - Creating -  554 /  677 mb - '00040000000EC400.Main.romfs.xorpad'
Entry: 03 - Creating -  555 /  677 mb - '00040000000EC400.Main.romfs.xorpad'
Entry: 03 - Creating -  556 /  677 mb - '00040000000EC400.Main.romfs.xorpad'
Entry: 03 - Creating -  557 /  677 mb - '00040000000EC400.Main.romfs.xorpad'
Entry: 03 - Creating -  558 /  677 mb - '00040000000EC400.Main.romfs.xorpad'
Entry: 03 - Creating -  559 /  677 mb - '00040000000EC400.Main.romfs.xorpad'
Entry: 03 - Creating -  560 /  677 mb - '00040000000EC400.Main.romfs.xorpad'
Entry: 03 - Creating -  561 /  677 mb - '00040000000EC400.Main.romfs.xorpad'
Entry: 03 - Creating -  562 /  677 mb - '00040000000EC400.Main.romfs.xorpad'
Entry: 03 - Creating -  563 /  677 mb - '00040000000EC400.Main.romfs.xorpad'
Entry: 03 - Creating -  564 /  677 mb - '00040000000EC400.Main.romfs.xorpad'
Entry: 03 - Creating -  565 /  677 mb - '00040000000EC400.Main.romfs.xorpad'
Entry: 03 - Creating -  566 /  677 mb - '00040000000EC400.Main.romfs.xorpad'
Entry: 03 - Creating -  567 /  677 mb - '00040000000EC400.Main.romfs.xorpad'
Entry: 03 - Creating -  568 /  677 mb - '00040000000EC400.Main.romfs.xorpad'
Entry: 03 - Creating -  569 /  677 mb - '00040000000EC400.Main.romfs.xorpad'
Entry: 03 - Creating -  570 /  677 mb - '00040000000EC400.Main.romfs.xorpad'
Entry: 03 - Creating -  571 /  677 mb - '00040000000EC400.Main.romfs.xorpad'
Entry: 03 - Creating -  572 /  677 mb - '00040000000EC400.Main.romfs.xorpad'
Entry: 03 - Creating -  573 /  677 mb - '00040000000EC400.Main.romfs.xorpad'
Entry: 03 - Creating -  574 /  677 mb - '00040000000EC400.Main.romfs.xorpad'
Entry: 03 - Creating -  575 /  677 mb - '00040000000EC400.Main.romfs.xorpad'
Entry: 03 - Creating -  576 /  677 mb - '00040000000EC400.Main.romfs.xorpad'
Entry: 03 - Creating -  577 /  677 mb - '00040000000EC400.Main.romfs.xorpad'
Entry: 03 - Creating -  578 /  677 mb - '00040000000EC400.Main.romfs.xorpad'
Entry: 03 - Creating -  579 /  677 mb - '00040000000EC400.Main.romfs.xorpad'
Entry: 03 - Creating -  580 /  677 mb - '00040000000EC400.Main.romfs.xorpad'
Entry: 03 - Creating -  581 /  677 mb - '00040000000EC400.Main.romfs.xorpad'
Entry: 03 - Creating -  582 /  677 mb - '00040000000EC400.Main.romfs.xorpad'
Entry: 03 - Creating -  583 /  677 mb - '00040000000EC400.Main.romfs.xorpad'
Entry: 03 - Creating -  584 /  677 mb - '00040000000EC400.Main.romfs.xorpad'
Entry: 03 - Creating -  585 /  677 mb - '00040000000EC400.Main.romfs.xorpad'
Entry: 03 - Creating -  586 /  677 mb - '00040000000EC400.Main.romfs.xorpad'
Entry: 03 - Creating -  587 /  677 mb - '00040000000EC400.Main.romfs.xorpad'
Entry: 03 - Creating -  588 /  677 mb - '00040000000EC400.Main.romfs.xorpad'
Entry: 03 - Creating -  589 /  677 mb - '00040000000EC400.Main.romfs.xorpad'
Entry: 03 - Creating -  590 /  677 mb - '00040000000EC400.Main.romfs.xorpad'
Entry: 03 - Creating -  591 /  677 mb - '00040000000EC400.Main.romfs.xorpad'
Entry: 03 - Creating -  592 /  677 mb - '00040000000EC400.Main.romfs.xorpad'
Entry: 03 - Creating -  593 /  677 mb - '00040000000EC400.Main.romfs.xorpad'
Entry: 03 - Creating -  594 /  677 mb - '00040000000EC400.Main.romfs.xorpad'
Entry: 03 - Creating -  595 /  677 mb - '00040000000EC400.Main.romfs.xorpad'
Entry: 03 - Creating -  596 /  677 mb - '00040000000EC400.Main.romfs.xorpad'
Entry: 03 - Creating -  597 /  677 mb - '00040000000EC400.Main.romfs.xorpad'
Entry: 03 - Creating -  598 /  677 mb - '00040000000EC400.Main.romfs.xorpad'
Entry: 03 - Creating -  599 /  677 mb - '00040000000EC400.Main.romfs.xorpad'
Entry: 03 - Creating -  600 /  677 mb - '00040000000EC400.Main.romfs.xorpad'
Entry: 03 - Creating -  601 /  677 mb - '00040000000EC400.Main.romfs.xorpad'
Entry: 03 - Creating -  602 /  677 mb - '00040000000EC400.Main.romfs.xorpad'
Entry: 03 - Creating -  603 /  677 mb - '00040000000EC400.Main.romfs.xorpad'
Entry: 03 - Creating -  604 /  677 mb - '00040000000EC400.Main.romfs.xorpad'
Entry: 03 - Creating -  605 /  677 mb - '00040000000EC400.Main.romfs.xorpad'
Entry: 03 - Creating -  606 /  677 mb - '00040000000EC400.Main.romfs.xorpad'
Entry: 03 - Creating -  607 /  677 mb - '00040000000EC400.Main.romfs.xorpad'
Entry: 03 - Creating -  608 /  677 mb - '00040000000EC400.Main.romfs.xorpad'
Entry: 03 - Creating -  609 /  677 mb - '00040000000EC400.Main.romfs.xorpad'
Entry: 03 - Creating -  610 /  677 mb - '00040000000EC400.Main.romfs.xorpad'
Entry: 03 - Creating -  611 /  677 mb - '00040000000EC400.Main.romfs.xorpad'
Entry: 03 - Creating -  612 /  677 mb - '00040000000EC400.Main.romfs.xorpad'
Entry: 03 - Creating -  613 /  677 mb - '00040000000EC400.Main.romfs.xorpad'
Entry: 03 - Creating -  614 /  677 mb - '00040000000EC400.Main.romfs.xorpad'
Entry: 03 - Creating -  615 /  677 mb - '00040000000EC400.Main.romfs.xorpad'
Entry: 03 - Creating -  616 /  677 mb - '00040000000EC400.Main.romfs.xorpad'
Entry: 03 - Creating -  617 /  677 mb - '00040000000EC400.Main.romfs.xorpad'
Entry: 03 - Creating -  618 /  677 mb - '00040000000EC400.Main.romfs.xorpad'
Entry: 03 - Creating -  619 /  677 mb - '00040000000EC400.Main.romfs.xorpad'
Entry: 03 - Creating -  620 /  677 mb - '00040000000EC400.Main.romfs.xorpad'
Entry: 03 - Creating -  621 /  677 mb - '00040000000EC400.Main.romfs.xorpad'
Entry: 03 - Creating -  622 /  677 mb - '00040000000EC400.Main.romfs.xorpad'
Entry: 03 - Creating -  623 /  677 mb - '00040000000EC400.Main.romfs.xorpad'
Entry: 03 - Creating -  624 /  677 mb - '00040000000EC400.Main.romfs.xorpad'
Entry: 03 - Creating -  625 /  677 mb - '00040000000EC400.Main.romfs.xorpad'
Entry: 03 - Creating -  626 /  677 mb - '00040000000EC400.Main.romfs.xorpad'
Entry: 03 - Creating -  627 /  677 mb - '00040000000EC400.Main.romfs.xorpad'
Entry: 03 - Creating -  628 /  677 mb - '00040000000EC400.Main.romfs.xorpad'
Entry: 03 - Creating -  629 /  677 mb - '00040000000EC400.Main.romfs.xorpad'
Entry: 03 - Creating -  630 /  677 mb - '00040000000EC400.Main.romfs.xorpad'
Entry: 03 - Creating -  631 /  677 mb - '00040000000EC400.Main.romfs.xorpad'
Entry: 03 - Creating -  632 /  677 mb - '00040000000EC400.Main.romfs.xorpad'
Entry: 03 - Creating -  633 /  677 mb - '00040000000EC400.Main.romfs.xorpad'
Entry: 03 - Creating -  634 /  677 mb - '00040000000EC400.Main.romfs.xorpad'
Entry: 03 - Creating -  635 /  677 mb - '00040000000EC400.Main.romfs.xorpad'
Entry: 03 - Creating -  636 /  677 mb - '00040000000EC400.Main.romfs.xorpad'
Entry: 03 - Creating -  637 /  677 mb - '00040000000EC400.Main.romfs.xorpad'
Entry: 03 - Creating -  638 /  677 mb - '00040000000EC400.Main.romfs.xorpad'
Entry: 03 - Creating -  639 /  677 mb - '00040000000EC400.Main.romfs.xorpad'
Entry: 03 - Creating -  640 /  677 mb - '00040000000EC400.Main.romfs.xorpad'
Entry: 03 - Creating -  641 /  677 mb - '00040000000EC400.Main.romfs.xorpad'
Entry: 03 - Creating -  642 /  677 mb - '00040000000EC400.Main.romfs.xorpad'
Entry: 03 - Creating -  643 /  677 mb - '00040000000EC400.Main.romfs.xorpad'
Entry: 03 - Creating -  644 /  677 mb - '00040000000EC400.Main.romfs.xorpad'
Entry: 03 - Creating -  645 /  677 mb - '00040000000EC400.Main.romfs.xorpad'
Entry: 03 - Creating -  646 /  677 mb - '00040000000EC400.Main.romfs.xorpad'
Entry: 03 - Creating -  647 /  677 mb - '00040000000EC400.Main.romfs.xorpad'
Entry: 03 - Creating -  648 /  677 mb - '00040000000EC400.Main.romfs.xorpad'
Entry: 03 - Creating -  649 /  677 mb - '00040000000EC400.Main.romfs.xorpad'
Entry: 03 - Creating -  650 /  677 mb - '00040000000EC400.Main.romfs.xorpad'
Entry: 03 - Creating -  651 /  677 mb - '00040000000EC400.Main.romfs.xorpad'
Entry: 03 - Creating -  652 /  677 mb - '00040000000EC400.Main.romfs.xorpad'
Entry: 03 - Creating -  653 /  677 mb - '00040000000EC400.Main.romfs.xorpad'
Entry: 03 - Creating -  654 /  677 mb - '00040000000EC400.Main.romfs.xorpad'
Entry: 03 - Creating -  655 /  677 mb - '00040000000EC400.Main.romfs.xorpad'
Entry: 03 - Creating -  656 /  677 mb - '00040000000EC400.Main.romfs.xorpad'
Entry: 03 - Creating -  657 /  677 mb - '00040000000EC400.Main.romfs.xorpad'
Entry: 03 - Creating -  658 /  677 mb - '00040000000EC400.Main.romfs.xorpad'
Entry: 03 - Creating -  659 /  677 mb - '00040000000EC400.Main.romfs.xorpad'
Entry: 03 - Creating -  660 /  677 mb - '00040000000EC400.Main.romfs.xorpad'
Entry: 03 - Creating -  661 /  677 mb - '00040000000EC400.Main.romfs.xorpad'
Entry: 03 - Creating -  662 /  677 mb - '00040000000EC400.Main.romfs.xorpad'
Entry: 03 - Creating -  663 /  677 mb - '00040000000EC400.Main.romfs.xorpad'
Entry: 03 - Creating -  664 /  677 mb - '00040000000EC400.Main.romfs.xorpad'
Entry: 03 - Creating -  665 /  677 mb - '00040000000EC400.Main.romfs.xorpad'
Entry: 03 - Creating -  666 /  677 mb - '00040000000EC400.Main.romfs.xorpad'
Entry: 03 - Creating -  667 /  677 mb - '00040000000EC400.Main.romfs.xorpad'
Entry: 03 - Creating -  668 /  677 mb - '00040000000EC400.Main.romfs.xorpad'
Entry: 03 - Creating -  669 /  677 mb - '00040000000EC400.Main.romfs.xorpad'
Entry: 03 - Creating -  670 /  677 mb - '00040000000EC400.Main.romfs.xorpad'
Entry: 03 - Creating -  671 /  677 mb - '00040000000EC400.Main.romfs.xorpad'
Entry: 03 - Creating -  672 /  677 mb - '00040000000EC400.Main.romfs.xorpad'
Entry: 03 - Creating -  673 /  677 mb - '00040000000EC400.Main.romfs.xorpad'
Entry: 03 - Creating -  674 /  677 mb - '00040000000EC400.Main.romfs.xorpad'
Entry: 03 - Creating -  675 /  677 mb - '00040000000EC400.Main.romfs.xorpad'
Entry: 03 - Creating -  677 /  677 mb - '00040000000EC400.Main.romfs.xorpad'
Entry: 04 - Creating -    0 /    2 mb - '00040000000EC400.Manual.romfs.xorpad'
Entry: 04 - Creating -    2 /    2 mb - '00040000000EC400.Manual.romfs.xorpad'



./xorer.exe "C:\Users\jesse\Downloads\3DS_OfflineDecTool_v1.0\3DS_OfflineDecTool_v1.0\Encrypted\0487 - Legend of Zelda, The - A Link Between Worlds (Europe) (En,Fr,De,Es,It).3ds" -e "C:\Users\jesse\Downloads\3DS_OfflineDecTool_v1.0\3DS_OfflineDecTool_v1.0\Scripts\xorpad\00040000000EC400.Main.exheader.xorpad" -x "C:\Users\jesse\Downloads\3DS_OfflineDecTool_v1.0\3DS_OfflineDecTool_v1.0\Scripts\xorpad\00040000000EC400.Main.exefs_norm.xorpad" -7 "C:\Users\jesse\Downloads\3DS_OfflineDecTool_v1.0\3DS_OfflineDecTool_v1.0\Scripts\xorpad\00040000000EC400.Main.exefs_7x.xorpad" -r "C:\Users\jesse\Downloads\3DS_OfflineDecTool_v1.0\3DS_OfflineDecTool_v1.0\Scripts\xorpad\00040000000EC400.Main.romfs.xorpad" -o "C:\Users\jesse\Downloads\3DS_OfflineDecTool_v1.0\3DS_OfflineDecTool_v1.0\Decrypted\0487 - Legend of Zelda, The - A Link Between Worlds (Europe) (En,Fr,De,Es,It) Decrypted.3ds"



Done!
